<?xml version="1.0" encoding="UTF-8"?>
<!-- Generated by org.testng.reporters.JUnitXMLReporter -->
<testsuite hostname="USHYDUJMAHATO3" ignored="0" name="Default test" tests="3" failures="0" timestamp="30 Dec 2020 05:27:13 GMT" time="20.534" errors="0">
  <testcase name="testOne" time="19.949" classname="LoginTests.LoginTest"/>
  <testcase name="testThree" time="0.002" classname="LoginTests.LoginTest"/>
  <testcase name="testTwo" time="0.001" classname="LoginTests.LoginTest"/>
</testsuite> <!-- Default test -->
