<?xml version="1.0" encoding="UTF-8"?>
<!-- Generated by org.testng.reporters.JUnitXMLReporter -->
<testsuite hostname="USHYDUJMAHATO3" ignored="0" name="Test" tests="3" failures="1" timestamp="10 Jan 2021 03:52:45 GMT" time="5.391" errors="0">
  <testcase name="testOne" time="4.399" classname="LoginTests.LoginTest">
    <failure type="java.lang.NullPointerException" message="null value in entry: url=null">
      <![CDATA[java.lang.NullPointerException: null value in entry: url=null
at com.google.common.collect.CollectPreconditions.checkEntryNotNull(CollectPreconditions.java:32)
at com.google.common.collect.SingletonImmutableBiMap.<init>(SingletonImmutableBiMap.java:42)
at com.google.common.collect.ImmutableBiMap.of(ImmutableBiMap.java:72)
at com.google.common.collect.ImmutableMap.of(ImmutableMap.java:124)
at org.openqa.selenium.remote.RemoteWebDriver.get(RemoteWebDriver.java:277)
at Base.BaseUI.goToURL(BaseUI.java:42)
at LoginTests.LoginTest.testOne(LoginTest.java:23)
... Removed 29 stack frames]]>
    </failure>
  </testcase> <!-- testOne -->
  <testcase name="testThree" time="0.0" classname="LoginTests.LoginTest"/>
  <testcase name="testTwo" time="0.001" classname="LoginTests.LoginTest"/>
</testsuite> <!-- Test -->
