<?xml version="1.0" encoding="UTF-8"?>
<testng-results skipped="0" failed="0" ignored="0" total="3" passed="3">
  <reporter-output>
  </reporter-output>
  <suite name="Default suite" duration-ms="20534" started-at="2020-12-30T05:26:52Z" finished-at="2020-12-30T05:27:13Z">
    <groups>
    </groups>
    <test name="Default test" duration-ms="20534" started-at="2020-12-30T05:26:52Z" finished-at="2020-12-30T05:27:13Z">
      <class name="LoginTests.LoginTest">
        <test-method status="PASS" signature="testOne()[pri:0, instance:LoginTests.LoginTest@22eeefeb]" name="testOne" duration-ms="19949" started-at="2020-12-30T05:26:52Z" finished-at="2020-12-30T05:27:12Z">
          <reporter-output>
          </reporter-output>
        </test-method> <!-- testOne -->
        <test-method status="PASS" signature="endReport()[pri:0, instance:LoginTests.LoginTest@22eeefeb]" name="endReport" is-config="true" duration-ms="392" started-at="2020-12-30T05:27:12Z" finished-at="2020-12-30T05:27:12Z">
          <reporter-output>
          </reporter-output>
        </test-method> <!-- endReport -->
        <test-method status="PASS" signature="testThree()[pri:0, instance:LoginTests.LoginTest@22eeefeb]" name="testThree" duration-ms="2" started-at="2020-12-30T05:27:12Z" finished-at="2020-12-30T05:27:12Z">
          <reporter-output>
          </reporter-output>
        </test-method> <!-- testThree -->
        <test-method status="PASS" signature="endReport()[pri:0, instance:LoginTests.LoginTest@22eeefeb]" name="endReport" is-config="true" duration-ms="74" started-at="2020-12-30T05:27:12Z" finished-at="2020-12-30T05:27:13Z">
          <reporter-output>
          </reporter-output>
        </test-method> <!-- endReport -->
        <test-method status="PASS" signature="testTwo()[pri:0, instance:LoginTests.LoginTest@22eeefeb]" name="testTwo" duration-ms="1" started-at="2020-12-30T05:27:13Z" finished-at="2020-12-30T05:27:13Z">
          <reporter-output>
          </reporter-output>
        </test-method> <!-- testTwo -->
        <test-method status="PASS" signature="endReport()[pri:0, instance:LoginTests.LoginTest@22eeefeb]" name="endReport" is-config="true" duration-ms="76" started-at="2020-12-30T05:27:13Z" finished-at="2020-12-30T05:27:13Z">
          <reporter-output>
          </reporter-output>
        </test-method> <!-- endReport -->
      </class> <!-- LoginTests.LoginTest -->
    </test> <!-- Default test -->
  </suite> <!-- Default suite -->
</testng-results>
